[debug] [2019-01-09T21:52:28.223Z] ----------------------------------------------------------------------
[debug] [2019-01-09T21:52:28.226Z] Command:       C:\Program Files\nodejs\node.exe C:\Users\anaun\AppData\Local\Yarn\Data\global\node_modules\firebase-tools\lib\bin\firebase.js serve
[debug] [2019-01-09T21:52:28.226Z] CLI Version:   6.2.2
[debug] [2019-01-09T21:52:28.226Z] Platform:      win32
[debug] [2019-01-09T21:52:28.226Z] Node Version:  v10.15.0
[debug] [2019-01-09T21:52:28.227Z] Time:          Thu Jan 10 2019 04:52:28 GMT+0700 (Indochina Time)
[debug] [2019-01-09T21:52:28.227Z] ----------------------------------------------------------------------
[debug] 
[debug] [2019-01-09T21:52:28.242Z] > command requires scopes: ["email","openid","https://www.googleapis.com/auth/cloudplatformprojects.readonly","https://www.googleapis.com/auth/firebase","https://www.googleapis.com/auth/cloud-platform"]
[debug] [2019-01-09T21:52:28.243Z] > authorizing via signed-in user
[debug] [2019-01-09T21:52:28.243Z] [iam] checking project vcabb-2ef34 for permissions ["firebase.projects.get"]
[debug] [2019-01-09T21:52:28.245Z] > refreshing access token with scopes: ["email","https://www.googleapis.com/auth/cloud-platform","https://www.googleapis.com/auth/cloudplatformprojects.readonly","https://www.googleapis.com/auth/firebase","openid"]
[debug] [2019-01-09T21:52:28.245Z] >>> HTTP REQUEST POST https://www.googleapis.com/oauth2/v3/token  
 <request body omitted>
[debug] [2019-01-09T21:52:28.521Z] <<< HTTP RESPONSE 200
[debug] [2019-01-09T21:52:28.532Z] >>> HTTP REQUEST POST https://cloudresourcemanager.googleapis.com/v1/projects/vcabb-2ef34:testIamPermissions  

[debug] [2019-01-09T21:52:29.980Z] <<< HTTP RESPONSE 200
[debug] [2019-01-09T21:52:29.981Z] >>> HTTP REQUEST GET https://cloudresourcemanager.googleapis.com/v1/projects/vcabb-2ef34  
 
[debug] [2019-01-09T21:52:31.345Z] <<< HTTP RESPONSE 200
[info] 
[info] === Serving from 'D:\github\vcabb'...
[info] 
[info] i  functions: Preparing to emulate functions.
[debug] [2019-01-09T21:52:32.054Z] Fetching environment
[debug] [2019-01-09T21:52:32.056Z] >>> HTTP REQUEST GET https://mobilesdk-pa.googleapis.com/v1/projects/649981047220:getServerAppConfig  
 
[debug] [2019-01-09T21:52:32.057Z] >>> HTTP REQUEST GET https://mobilesdk-pa.googleapis.com/v1/projects/649981047220/clients/_:getWebAppConfig  
 
[debug] [2019-01-09T21:52:32.586Z] <<< HTTP RESPONSE 200
[debug] [2019-01-09T21:52:32.587Z] Starting @google-cloud/functions-emulator
[debug] [2019-01-09T21:52:32.765Z] <<< HTTP RESPONSE 200
[info] i  hosting: Serving hosting files from: dist
[info] +  hosting: Local server: http://localhost:5000
[debug] [2019-01-09T21:52:34.622Z] Parsing function triggers
[info] +  functions: calculation: http://localhost:5001/vcabb-2ef34/us-central1/calculation
[info] +  functions: getSummonList: http://localhost:5001/vcabb-2ef34/us-central1/getSummonList
[info] +  functions: addSummonList: http://localhost:5001/vcabb-2ef34/us-central1/addSummonList
[info] +  functions: deleteSummonList: http://localhost:5001/vcabb-2ef34/us-central1/deleteSummonList
